{
  "RSpec": {
    "coverage": {
      "/Users/allenrussell/turing_work/mod3/lessons/market_money_fe/config/environment.rb": {
        "lines": [
          null,
          1,
          null,
          null,
          1
        ]
      },
      "/Users/allenrussell/turing_work/mod3/lessons/market_money_fe/config/application.rb": {
        "lines": [
          1,
          null,
          1,
          null,
          1,
          1,
          1,
          1,
          1,
          1,
          1,
          1,
          1,
          1,
          null,
          null,
          null,
          null,
          1,
          null,
          1,
          1,
          null,
          1,
          null,
          null,
          null,
          null,
          null,
          null,
          null,
          null,
          null,
          null,
          1,
          null,
          null
        ]
      },
      "/Users/allenrussell/turing_work/mod3/lessons/market_money_fe/config/boot.rb": {
        "lines": [
          1,
          null,
          1,
          1
        ]
      },
      "/Users/allenrussell/turing_work/mod3/lessons/market_money_fe/config/environments/test.rb": {
        "lines": [
          1,
          null,
          null,
          null,
          null,
          null,
          null,
          1,
          null,
          null,
          null,
          1,
          null,
          null,
          null,
          null,
          1,
          null,
          null,
          1,
          1,
          null,
          null,
          null,
          null,
          1,
          1,
          1,
          null,
          null,
          1,
          null,
          null,
          1,
          null,
          null,
          1,
          null,
          1,
          null,
          null,
          null,
          null,
          1,
          null,
          null,
          1,
          null,
          null,
          1,
          null,
          null,
          1,
          null,
          null,
          null,
          null,
          null,
          null,
          null
        ]
      },
      "/Users/allenrussell/turing_work/mod3/lessons/market_money_fe/config/initializers/assets.rb": {
        "lines": [
          null,
          null,
          null,
          1,
          null,
          null,
          null,
          null,
          null,
          null,
          null,
          null
        ]
      },
      "/Users/allenrussell/turing_work/mod3/lessons/market_money_fe/config/initializers/content_security_policy.rb": {
        "lines": [
          null,
          null,
          null,
          null,
          null,
          null,
          null,
          null,
          null,
          null,
          null,
          null,
          null,
          null,
          null,
          null,
          null,
          null,
          null,
          null,
          null,
          null,
          null,
          null,
          null
        ]
      },
      "/Users/allenrussell/turing_work/mod3/lessons/market_money_fe/config/initializers/filter_parameter_logging.rb": {
        "lines": [
          null,
          null,
          null,
          null,
          null,
          1,
          null,
          null
        ]
      },
      "/Users/allenrussell/turing_work/mod3/lessons/market_money_fe/config/initializers/inflections.rb": {
        "lines": [
          null,
          null,
          null,
          null,
          null,
          null,
          null,
          null,
          null,
          null,
          null,
          null,
          null,
          null,
          null,
          null
        ]
      },
      "/Users/allenrussell/turing_work/mod3/lessons/market_money_fe/config/initializers/permissions_policy.rb": {
        "lines": [
          null,
          null,
          null,
          null,
          null,
          null,
          null,
          null,
          null,
          null,
          null
        ]
      },
      "/Users/allenrussell/turing_work/mod3/lessons/market_money_fe/config/routes.rb": {
        "lines": [
          1,
          null,
          null,
          null,
          null,
          1,
          1,
          null,
          1,
          null
        ]
      },
      "/Users/allenrussell/turing_work/mod3/lessons/market_money_fe/app/helpers/application_helper.rb": {
        "lines": [
          1,
          null
        ]
      },
      "/Users/allenrussell/turing_work/mod3/lessons/market_money_fe/app/helpers/markets_helper.rb": {
        "lines": [
          1,
          null
        ]
      },
      "/Users/allenrussell/turing_work/mod3/lessons/market_money_fe/spec/features/markets/show_spec.rb": {
        "lines": [
          1,
          null,
          1,
          1,
          2,
          null,
          null,
          2,
          null,
          null,
          2,
          2,
          null,
          2,
          2,
          null,
          null,
          1,
          1,
          1,
          1,
          1,
          null,
          null,
          1,
          1,
          null,
          null,
          null,
          null
        ]
      },
      "/Users/allenrussell/turing_work/mod3/lessons/market_money_fe/spec/features/vendors/show_spec.rb": {
        "lines": [
          1,
          null,
          1,
          1,
          1,
          null,
          null,
          1,
          1,
          null,
          1,
          null,
          null,
          1,
          1,
          1,
          1,
          1,
          1,
          1,
          1,
          1,
          null,
          null,
          null,
          null
        ]
      },
      "/Users/allenrussell/turing_work/mod3/lessons/market_money_fe/spec/helpers/markets_helper_spec.rb": {
        "lines": [
          1,
          null,
          null,
          null,
          null,
          null,
          null,
          null,
          null,
          null,
          null,
          null,
          1,
          1,
          null
        ]
      },
      "/Users/allenrussell/turing_work/mod3/lessons/market_money_fe/spec/requests/markets_spec.rb": {
        "lines": [
          1,
          null,
          1,
          1,
          1,
          null,
          null
        ]
      },
      "/Users/allenrussell/turing_work/mod3/lessons/market_money_fe/app/controllers/markets_controller.rb": {
        "lines": [
          1,
          1,
          2,
          null,
          null,
          1,
          3,
          3,
          null,
          null
        ]
      },
      "/Users/allenrussell/turing_work/mod3/lessons/market_money_fe/app/controllers/application_controller.rb": {
        "lines": [
          1,
          null
        ]
      },
      "/Users/allenrussell/turing_work/mod3/lessons/market_money_fe/app/facades/market_money_facade.rb": {
        "lines": [
          1,
          1,
          9,
          null,
          null,
          1,
          2,
          2,
          2,
          null,
          null,
          null,
          1,
          3,
          3,
          null,
          null,
          1,
          3,
          3,
          3,
          null,
          null,
          null,
          1,
          1,
          1,
          null,
          null
        ]
      },
      "/Users/allenrussell/turing_work/mod3/lessons/market_money_fe/app/services/market_money_service.rb": {
        "lines": [
          1,
          1,
          2,
          null,
          null,
          1,
          3,
          null,
          null,
          1,
          3,
          null,
          null,
          1,
          1,
          null,
          null,
          1,
          9,
          9,
          null,
          null,
          1,
          9,
          null,
          null
        ]
      },
      "/Users/allenrussell/turing_work/mod3/lessons/market_money_fe/app/poros/market.rb": {
        "lines": [
          1,
          1,
          null,
          null,
          null,
          null,
          null,
          null,
          null,
          1,
          5,
          5,
          5,
          5,
          5,
          5,
          5,
          null,
          null,
          1,
          8,
          null,
          null
        ]
      },
      "/Users/allenrussell/turing_work/mod3/lessons/market_money_fe/app/poros/vendor.rb": {
        "lines": [
          1,
          1,
          null,
          null,
          null,
          null,
          null,
          null,
          1,
          4,
          4,
          4,
          4,
          4,
          4,
          null,
          null,
          1,
          4,
          0,
          null,
          4,
          null,
          null,
          null
        ]
      },
      "/Users/allenrussell/turing_work/mod3/lessons/market_money_fe/app/controllers/vendors_controller.rb": {
        "lines": [
          1,
          1,
          1,
          null,
          null
        ]
      }
    },
    "timestamp": 1694130621
  }
}
